CO STARTING
   TITLEONE  Phoenix Mini-Plant NO2 Test
   MODELOPT  DFAULT CONC
   AVERTIME  1 ANNUAL
   POLLUTID  NO2
   RUNORNOT  RUN
   ERRORFIL  ERRORS.OUT
CO FINISHED
 
SO STARTING
   ELEVUNIT  METERS
   LOCATION  BOILER POINT 350000.0 3700000.0 0.0
   LOCATION  DRYER  POINT 350050.0 3700025.0 0.0
   LOCATION  OVEN   POINT 349975.0 3699975.0 0.0
   LOCATION  GEN    POINT 350080.0 3700060.0 0.0
   LOCATION  FPUMP  POINT 349940.0 3699940.0 0.0
 
   SRCPARAM  BOILER 0.441 20.0 400.0 15.0 1.0
   SRCPARAM  DRYER  0.315 18.0 390.0 14.0 0.9
   SRCPARAM  OVEN   0.441 22.0 410.0 16.0 1.1
   SRCPARAM  GEN    1.058 8.0  700.0 18.0 0.35
   SRCPARAM  FPUMP  0.529 6.0  650.0 16.0 0.30
 
   SRCGROUP  ALL
SO FINISHED
 
RE STARTING
   GRIDCART  GRID1 STA
   GRIDCART  GRID1 XYINC 349500.0 11 100.0 3699500.0 11 100.0
   GRIDCART  GRID1 END
RE FINISHED
 
ME STARTING
   SURFFILE  Phoenix_2020-2024.SFC FREE
   PROFFILE  Phoenix_2020-2024.PFL FREE
   SURFDATA  722780 2020 PHOENIX
   SITEDATA  722780 2020 PHOENIX
   UAIRDATA  722780 2020 PHOENIX
   PROFBASE  0.0
ME FINISHED
 
OU STARTING
   RECTABLE  ALLAVE FIRST
   MAXTABLE  ALLAVE 50
   SUMMFILE  run2.sum
OU FINISHED


  *** Message Summary For AERMOD Model Setup ***

  --------- Summary of Total Messages --------
  
 A Total of            0 Fatal Error Message(s)
 A Total of            7 Warning Message(s)
 A Total of            0 Informational Message(s)
  
  
    ******** FATAL ERROR MESSAGES ******** 
               ***  NONE  ***         
  
  
    ********   WARNING MESSAGES   ******** 
 CO W361       8       COCARD: Multiyear PERIOD/ANNUAL values for NO2/SO2 require MULTYEAR Opt
 RE W214      30       RECART: ELEV Input Inconsistent With Option: Defaults Used        GRID1
 ME W186      40       MEOPEN: THRESH_1MIN 1-min ASOS wind speed threshold used           0.50
 ME W187      40       MEOPEN: ADJ_U* Option for Stable Low Winds used in AERMET              
 ME W530      40       MEOPEN: CAUTION! Met Station ID Mismatch with SURFFILE for     SURFDATA
 ME W530      40       MEOPEN: CAUTION! Met Station ID Mismatch with SURFFILE for     UAIRDATA
 ME W531      40       MEOPEN: CAUTION! Met Station ID Missing from SURFFILE for      SITEDATA

 ***********************************
 *** SETUP Finishes Successfully ***
 ***********************************

 *** AERMOD - VERSION 24142  ***   ***  Phoenix Mini-Plant NO2 Test                                         ***        04/21/26
 *** AERMET - VERSION  24142 ***   ***                                                                      ***        16:38:32
                                                                                                                       PAGE   1
 *** MODELOPTs:    RegDFAULT  CONC  ELEV  RURAL  ADJ_U*

                                            ***     MODEL SETUP OPTIONS SUMMARY       ***
 - - - - - - - - - - - - - - - - - - - - - - - - - - - - - - - - - - - - - - - - - - - - - - - - - - - - - - - - - - - - - - -

 ** Model Options Selected:
      * Model Uses Regulatory DEFAULT Options
      * Model Is Setup For Calculation of Average CONCentration Values.
      * NO GAS DEPOSITION Data Provided.
      * NO PARTICLE DEPOSITION Data Provided.
      * Model Uses NO DRY DEPLETION. DDPLETE  =  F
      * Model Uses NO WET DEPLETION. WETDPLT  =  F
      * Stack-tip Downwash.
      * Model Accounts for ELEVated Terrain Effects.
      * Use Calms Processing Routine.
      * Use Missing Data Processing Routine.
      * No Exponential Decay.
      * Full Conversion Assumed for NO2.
      * Model Uses RURAL Dispersion Only.
      * ADJ_U*   - Use ADJ_U* option for SBL in AERMET
      * CCVR_Sub - Meteorological data includes CCVR substitutions
      * TEMP_Sub - Meteorological data includes TEMP substitutions
      * Model Assumes No FLAGPOLE Receptor Heights. 
      * The User Specified a Pollutant Type of: NO2     

 **Note that special processing requirements apply for the 1-hour NO2 NAAQS - check available guidance.
   Model will process user-specified ranks of daily maximum 1-hour values averaged across the number of years modeled.
   For annual NO2 NAAQS modeling, the multi-year maximum of PERIOD values can be simulated using the MULTYEAR keyword.
   Multi-year PERIOD and 1-hour values should only be done in a single model run using the MULTYEAR option with a
   single multi-year meteorological data file using STARTEND keyword.
  
 **Model Calculates  1 Short Term Average(s) of:   1-HR
     and Calculates ANNUAL Averages
  
 **This Run Includes:      5 Source(s);       1 Source Group(s); and     121 Receptor(s)

                with:      5 POINT(s), including
                           0 POINTCAP(s) and      0 POINTHOR(s)
                 and:      0 VOLUME source(s)
                 and:      0 AREA type source(s)
                 and:      0 LINE source(s)
                 and:      0 RLINE/RLINEXT source(s)
                 and:      0 OPENPIT source(s)
                 and:      0 BUOYANT LINE source(s) with a total of     0 line(s)
                 and:      0 SWPOINT source(s)

  
 **Model Set To Continue RUNning After the Setup Testing.

 **The AERMET Input Meteorological Data Version Date:  24142
  
 **Output Options Selected:
          Model Outputs Tables of ANNUAL Averages by Receptor
          Model Outputs Tables of Highest Short Term Values by Receptor (RECTABLE Keyword)
          Model Outputs Tables of Overall Maximum Short Term Values (MAXTABLE Keyword)
          Model Outputs Separate Summary File of High Ranked Values (SUMMFILE Keyword)
  
 **NOTE:  The Following Flags May Appear Following CONC Values:  c for Calm Hours
                                                                 m for Missing Hours
                                                                 b for Both Calm and Missing Hours
  
 **Misc. Inputs:  Base Elev. for Pot. Temp. Profile (m MSL) =     0.00 ;  Decay Coef. =    0.000     ;  Rot. Angle =     0.0
                  Emission Units = GRAMS/SEC                                ;  Emission Rate Unit Factor =   0.10000E+07
                  Output Units   = MICROGRAMS/M**3                         
  
 **Approximate Storage Requirements of Model =      3.5 MB of RAM.
  
 **Input Runstream File:          run2.inp                                                                                        
 **Output Print File:             run2.out                                                                                        

 **Detailed Error/Message File:   ERRORS.OUT                                                                                      
 **File for Summary of Results:   run2.sum                                                                                        
 *** AERMOD - VERSION 24142  ***   ***  Phoenix Mini-Plant NO2 Test                                         ***        04/21/26
 *** AERMET - VERSION  24142 ***   ***                                                                      ***        16:38:32
                                                                                                                       PAGE   2
 *** MODELOPTs:    RegDFAULT  CONC  ELEV  RURAL  ADJ_U*


                                                  *** POINT SOURCE DATA ***

               NUMBER EMISSION RATE                    BASE     STACK   STACK    STACK     STACK    BLDG   URBAN  CAP/  EMIS RATE
   SOURCE       PART.  (GRAMS/SEC)     X        Y      ELEV.    HEIGHT  TEMP.   EXIT VEL. DIAMETER  EXISTS SOURCE HOR   SCALAR
     ID         CATS.               (METERS) (METERS) (METERS) (METERS) (DEG.K)  (M/SEC)  (METERS)                      VARY BY
 - - - - - - - - - - - - - - - - - - - - - - - - - - - - - - - - - - - - - - - - - - - - - - - - - - - - - - - - - - - - - - - - -

 BOILER           0   0.44100E+00  350000.0 3700000.0     0.0    20.00   400.00    15.00     1.00    NO      NO    NO         
 DRYER            0   0.31500E+00  350050.0 3700025.0     0.0    18.00   390.00    14.00     0.90    NO      NO    NO         
 OVEN             0   0.44100E+00  349975.0 3699975.0     0.0    22.00   410.00    16.00     1.10    NO      NO    NO         
 GEN              0   0.10580E+01  350080.0 3700060.0     0.0     8.00   700.00    18.00     0.35    NO      NO    NO         
 FPUMP            0   0.52900E+00  349940.0 3699940.0     0.0     6.00   650.00    16.00     0.30    NO      NO    NO         
 *** AERMOD - VERSION 24142  ***   ***  Phoenix Mini-Plant NO2 Test                                         ***        04/21/26
 *** AERMET - VERSION  24142 ***   ***                                                                      ***        16:38:32
                                                                                                                       PAGE   3
 *** MODELOPTs:    RegDFAULT  CONC  ELEV  RURAL  ADJ_U*


                                           *** SOURCE IDs DEFINING SOURCE GROUPS ***

 SRCGROUP ID                                              SOURCE IDs
 -----------                                              ----------


  ALL        BOILER      , DRYER       , OVEN        , GEN         , FPUMP       ,
 *** AERMOD - VERSION 24142  ***   ***  Phoenix Mini-Plant NO2 Test                                         ***        04/21/26
 *** AERMET - VERSION  24142 ***   ***                                                                      ***        16:38:32
                                                                                                                       PAGE   4
 *** MODELOPTs:    RegDFAULT  CONC  ELEV  RURAL  ADJ_U*

                                        *** GRIDDED RECEPTOR NETWORK SUMMARY ***

                                  *** NETWORK ID: GRID1    ;  NETWORK TYPE: GRIDCART ***

                                          *** X-COORDINATES OF GRID ***
                                                    (METERS)

       349500.0,  349600.0,  349700.0,  349800.0,  349900.0,  350000.0,  350100.0,  350200.0,  350300.0,  350400.0,
       350500.0,

                                          *** Y-COORDINATES OF GRID *** 
                                                    (METERS)

      3699500.0, 3699600.0, 3699700.0, 3699800.0, 3699900.0, 3700000.0, 3700100.0, 3700200.0, 3700300.0, 3700400.0,
      3700500.0,
 *** AERMOD - VERSION 24142  ***   ***  Phoenix Mini-Plant NO2 Test                                         ***        04/21/26
 *** AERMET - VERSION  24142 ***   ***                                                                      ***        16:38:32
                                                                                                                       PAGE   5
 *** MODELOPTs:    RegDFAULT  CONC  ELEV  RURAL  ADJ_U*

                                  *** NETWORK ID: GRID1    ;  NETWORK TYPE: GRIDCART ***

                                                * ELEVATION HEIGHTS IN METERS *

    Y-COORD  |                                                X-COORD (METERS)
    (METERS) |     349500.00    349600.00    349700.00    349800.00    349900.00    350000.00    350100.00    350200.00    350300.00
 - - - - - - - - - - - - - - - - - - - - - - - - - - - - - - - - - - - - - - - - - - - - - - - - - - - - - - - - - - - - - - - - - -

  3700500.00 |          0.00         0.00         0.00         0.00         0.00         0.00         0.00         0.00         0.00
  3700400.00 |          0.00         0.00         0.00         0.00         0.00         0.00         0.00         0.00         0.00
  3700300.00 |          0.00         0.00         0.00         0.00         0.00         0.00         0.00         0.00         0.00
  3700200.00 |          0.00         0.00         0.00         0.00         0.00         0.00         0.00         0.00         0.00
  3700100.00 |          0.00         0.00         0.00         0.00         0.00         0.00         0.00         0.00         0.00
  3700000.00 |          0.00         0.00         0.00         0.00         0.00         0.00         0.00         0.00         0.00
  3699900.00 |          0.00         0.00         0.00         0.00         0.00         0.00         0.00         0.00         0.00
  3699800.00 |          0.00         0.00         0.00         0.00         0.00         0.00         0.00         0.00         0.00
  3699700.00 |          0.00         0.00         0.00         0.00         0.00         0.00         0.00         0.00         0.00
  3699600.00 |          0.00         0.00         0.00         0.00         0.00         0.00         0.00         0.00         0.00
  3699500.00 |          0.00         0.00         0.00         0.00         0.00         0.00         0.00         0.00         0.00
 *** AERMOD - VERSION 24142  ***   ***  Phoenix Mini-Plant NO2 Test                                         ***        04/21/26
 *** AERMET - VERSION  24142 ***   ***                                                                      ***        16:38:32
                                                                                                                       PAGE   6
 *** MODELOPTs:    RegDFAULT  CONC  ELEV  RURAL  ADJ_U*

                                  *** NETWORK ID: GRID1    ;  NETWORK TYPE: GRIDCART ***

                                                * ELEVATION HEIGHTS IN METERS *

    Y-COORD  |                                                X-COORD (METERS)
    (METERS) |     350400.00    350500.00
 - - - - - - - - - - - - - - - - - - - - - - - - - - - - - - - - - - - - - - - - - - - - - - - - - - - - - - - - - - - - - - - - - -

  3700500.00 |          0.00         0.00
  3700400.00 |          0.00         0.00
  3700300.00 |          0.00         0.00
  3700200.00 |          0.00         0.00
  3700100.00 |          0.00         0.00
  3700000.00 |          0.00         0.00
  3699900.00 |          0.00         0.00
  3699800.00 |          0.00         0.00
  3699700.00 |          0.00         0.00
  3699600.00 |          0.00         0.00
  3699500.00 |          0.00         0.00
 *** AERMOD - VERSION 24142  ***   ***  Phoenix Mini-Plant NO2 Test                                         ***        04/21/26
 *** AERMET - VERSION  24142 ***   ***                                                                      ***        16:38:32
                                                                                                                       PAGE   7
 *** MODELOPTs:    RegDFAULT  CONC  ELEV  RURAL  ADJ_U*

                                  *** NETWORK ID: GRID1    ;  NETWORK TYPE: GRIDCART ***

                                                * HILL HEIGHT SCALES IN METERS *

    Y-COORD  |                                                X-COORD (METERS)
    (METERS) |     349500.00    349600.00    349700.00    349800.00    349900.00    350000.00    350100.00    350200.00    350300.00
 - - - - - - - - - - - - - - - - - - - - - - - - - - - - - - - - - - - - - - - - - - - - - - - - - - - - - - - - - - - - - - - - - -

  3700500.00 |          0.00         0.00         0.00         0.00         0.00         0.00         0.00         0.00         0.00
  3700400.00 |          0.00         0.00         0.00         0.00         0.00         0.00         0.00         0.00         0.00
  3700300.00 |          0.00         0.00         0.00         0.00         0.00         0.00         0.00         0.00         0.00
  3700200.00 |          0.00         0.00         0.00         0.00         0.00         0.00         0.00         0.00         0.00
  3700100.00 |          0.00         0.00         0.00         0.00         0.00         0.00         0.00         0.00         0.00
  3700000.00 |          0.00         0.00         0.00         0.00         0.00         0.00         0.00         0.00         0.00
  3699900.00 |          0.00         0.00         0.00         0.00         0.00         0.00         0.00         0.00         0.00
  3699800.00 |          0.00         0.00         0.00         0.00         0.00         0.00         0.00         0.00         0.00
  3699700.00 |          0.00         0.00         0.00         0.00         0.00         0.00         0.00         0.00         0.00
  3699600.00 |          0.00         0.00         0.00         0.00         0.00         0.00         0.00         0.00         0.00
  3699500.00 |          0.00         0.00         0.00         0.00         0.00         0.00         0.00         0.00         0.00
 *** AERMOD - VERSION 24142  ***   ***  Phoenix Mini-Plant NO2 Test                                         ***        04/21/26
 *** AERMET - VERSION  24142 ***   ***                                                                      ***        16:38:32
                                                                                                                       PAGE   8
 *** MODELOPTs:    RegDFAULT  CONC  ELEV  RURAL  ADJ_U*

                                  *** NETWORK ID: GRID1    ;  NETWORK TYPE: GRIDCART ***

                                                * HILL HEIGHT SCALES IN METERS *

    Y-COORD  |                                                X-COORD (METERS)
    (METERS) |     350400.00    350500.00
 - - - - - - - - - - - - - - - - - - - - - - - - - - - - - - - - - - - - - - - - - - - - - - - - - - - - - - - - - - - - - - - - - -

  3700500.00 |          0.00         0.00
  3700400.00 |          0.00         0.00
  3700300.00 |          0.00         0.00
  3700200.00 |          0.00         0.00
  3700100.00 |          0.00         0.00
  3700000.00 |          0.00         0.00
  3699900.00 |          0.00         0.00
  3699800.00 |          0.00         0.00
  3699700.00 |          0.00         0.00
  3699600.00 |          0.00         0.00
  3699500.00 |          0.00         0.00
 *** AERMOD - VERSION 24142  ***   ***  Phoenix Mini-Plant NO2 Test                                         ***        04/21/26
 *** AERMET - VERSION  24142 ***   ***                                                                      ***        16:38:32
                                                                                                                       PAGE   9
 *** MODELOPTs:    RegDFAULT  CONC  ELEV  RURAL  ADJ_U*

                      * SOURCE-RECEPTOR COMBINATIONS FOR WHICH CALCULATIONS MAY NOT BE PERFORMED *
                        LESS THAN 1.0 METER; WITHIN OPENPIT; OR BEYOND 80KM FOR FASTAREA/FASTALL


                              SOURCE          - - RECEPTOR LOCATION - -         DISTANCE
                                ID            XR (METERS)   YR (METERS)         (METERS)
                            - - - - - - - - - - - - - - - - - - - - - - - - - - - - - - - 

                             BOILER              350000.0     3700000.0             0.00
 *** AERMOD - VERSION 24142  ***   ***  Phoenix Mini-Plant NO2 Test                                         ***        04/21/26
 *** AERMET - VERSION  24142 ***   ***                                                                      ***        16:38:32
                                                                                                                       PAGE  10
 *** MODELOPTs:    RegDFAULT  CONC  ELEV  RURAL  ADJ_U*

                                            *** METEOROLOGICAL DAYS SELECTED FOR PROCESSING ***
                                                               (1=YES; 0=NO)

            1 1 1 1 1 1 1 1 1 1   1 1 1 1 1 1 1 1 1 1   1 1 1 1 1 1 1 1 1 1   1 1 1 1 1 1 1 1 1 1   1 1 1 1 1 1 1 1 1 1
            1 1 1 1 1 1 1 1 1 1   1 1 1 1 1 1 1 1 1 1   1 1 1 1 1 1 1 1 1 1   1 1 1 1 1 1 1 1 1 1   1 1 1 1 1 1 1 1 1 1
            1 1 1 1 1 1 1 1 1 1   1 1 1 1 1 1 1 1 1 1   1 1 1 1 1 1 1 1 1 1   1 1 1 1 1 1 1 1 1 1   1 1 1 1 1 1 1 1 1 1
            1 1 1 1 1 1 1 1 1 1   1 1 1 1 1 1 1 1 1 1   1 1 1 1 1 1 1 1 1 1   1 1 1 1 1 1 1 1 1 1   1 1 1 1 1 1 1 1 1 1
            1 1 1 1 1 1 1 1 1 1   1 1 1 1 1 1 1 1 1 1   1 1 1 1 1 1 1 1 1 1   1 1 1 1 1 1 1 1 1 1   1 1 1 1 1 1 1 1 1 1
            1 1 1 1 1 1 1 1 1 1   1 1 1 1 1 1 1 1 1 1   1 1 1 1 1 1 1 1 1 1   1 1 1 1 1 1 1 1 1 1   1 1 1 1 1 1 1 1 1 1
            1 1 1 1 1 1 1 1 1 1   1 1 1 1 1 1 1 1 1 1   1 1 1 1 1 1 1 1 1 1   1 1 1 1 1 1 1 1 1 1   1 1 1 1 1 1 1 1 1 1
            1 1 1 1 1 1 1 1 1 1   1 1 1 1 1 1

                NOTE:  METEOROLOGICAL DATA ACTUALLY PROCESSED WILL ALSO DEPEND ON WHAT IS INCLUDED IN THE DATA FILE.



                                  *** UPPER BOUND OF FIRST THROUGH FIFTH WIND SPEED CATEGORIES ***
                                                            (METERS/SEC)

                                                 1.54,   3.09,   5.14,   8.23,  10.80,
 *** AERMOD - VERSION 24142  ***   ***  Phoenix Mini-Plant NO2 Test                                         ***        04/21/26
 *** AERMET - VERSION  24142 ***   ***                                                                      ***        16:38:32
                                                                                                                       PAGE  11
 *** MODELOPTs:    RegDFAULT  CONC  ELEV  RURAL  ADJ_U*

                                    *** UP TO THE FIRST 24 HOURS OF METEOROLOGICAL DATA ***

   Surface file:   Phoenix_2020-2024.SFC                                                              Met Version:  24142
   Profile file:   Phoenix_2020-2024.PFL                                                           
   Surface format: FREE                                                                                                     
   Profile format: FREE                                                                                                     
   Surface station no.:   722780                  Upper air station no.:   722780
                  Name: PHOENIX                                    Name: PHOENIX                                 
                  Year:   2020                                     Year:   2020

 First 24 hours of scalar data
 YR MO DY JDY HR     H0     U*     W*  DT/DZ ZICNV ZIMCH  M-O LEN    Z0  BOWEN ALBEDO  REF WS   WD     HT  REF TA     HT
- - - - - - - - - - - - - - - - - - - - - - - - - - - - - - - - - - - - - - - - - - - - - - - - - - - - - - - - - - - - - 
 20 01 01   1 01   -6.9  0.110 -9.000 -9.000 -999.   88.     17.0  0.04   2.90   1.00    1.71  116.   10.0  280.9    2.0
 20 01 01   1 02   -3.6  0.081 -9.000 -9.000 -999.   56.     12.9  0.04   2.90   1.00    1.21  138.   10.0  280.3    2.0
 20 01 01   1 03   -8.5  0.124 -9.000 -9.000 -999.  105.     19.5  0.04   2.90   1.00    1.86  141.   10.0  280.9    2.0
 20 01 01   1 04  -12.5  0.151 -9.000 -9.000 -999.  140.     24.9  0.04   2.90   1.00    2.28   94.   10.0  280.3    2.0
 20 01 01   1 05  -15.0  0.166 -9.000 -9.000 -999.  162.     30.2  0.04   2.90   1.00    2.49  106.   10.0  280.3    2.0
 20 01 01   1 06   -8.5  0.123 -9.000 -9.000 -999.  104.     19.0  0.04   2.90   1.00    1.89   95.   10.0  279.2    2.0
 20 01 01   1 07  -14.5  0.162 -9.000 -9.000 -999.  156.     28.7  0.04   2.90   1.00    2.47   71.   10.0  278.8    2.0
 20 01 01   1 08  -10.9  0.139 -9.000 -9.000 -999.  124.     21.6  0.04   2.90   1.00    2.15   85.   10.0  278.1    2.0
 20 01 01   1 09    0.5  0.161  0.060  0.008   14.  156.   -701.5  0.04   2.90   0.41    2.23  102.   10.0  280.3    2.0
 20 01 01   1 10   79.9  0.298  0.664  0.005  128.  391.    -28.9  0.04   2.90   0.27    3.68  115.   10.0  283.1    2.0
 20 01 01   1 11   97.6  0.272  0.907  0.006  266.  340.    -17.9  0.04   2.90   0.22    3.22   96.   10.0  284.2    2.0
 20 01 01   1 12  150.2  0.253  1.341  0.007  559.  305.     -9.4  0.04   2.90   0.21    2.81  100.   10.0  285.9    2.0
 20 01 01   1 13  191.4  0.217  1.565  0.005  698.  243.     -4.7  0.04   2.90   0.20    2.21  111.   10.0  287.0    2.0
 20 01 01   1 14  152.0  0.163  1.588  0.005  916.  159.     -2.5  0.04   2.90   0.21    1.45  292.   10.0  287.5    2.0
 20 01 01   1 15  121.7  0.177  1.509  0.005  979.  179.     -3.9  0.04   2.90   0.22    1.69  174.   10.0  287.5    2.0
 20 01 01   1 16   72.9  0.193  1.288  0.005 1016.  204.     -8.6  0.04   2.90   0.27    2.08  253.   10.0  288.1    2.0
 20 01 01   1 17    8.7  0.235  0.635  0.005 1020.  273.   -129.0  0.04   2.90   0.40    3.08  259.   10.0  288.1    2.0
 20 01 01   1 18  -15.4  0.170 -9.000 -9.000 -999.  169.     31.7  0.04   2.90   1.00    2.50  254.   10.0  287.0    2.0
 20 01 01   1 19   -9.1  0.129 -9.000 -9.000 -999.  111.     20.4  0.04   2.90   1.00    1.94  240.   10.0  285.3    2.0
 20 01 01   1 20  -12.4  0.151 -9.000 -9.000 -999.  141.     25.2  0.04   2.90   1.00    2.25  267.   10.0  285.9    2.0
 20 01 01   1 21   -7.2  0.113 -9.000 -9.000 -999.   92.     17.5  0.04   2.90   1.00    1.77  239.   10.0  283.8    2.0
 20 01 01   1 22  -10.0  0.135 -9.000 -9.000 -999.  120.     21.5  0.04   2.90   1.00    2.03  267.   10.0  283.1    2.0
 20 01 01   1 23   -5.5  0.099 -9.000 -9.000 -999.   75.     15.5  0.04   2.90   1.00    1.50  151.   10.0  282.5    2.0
 20 01 01   1 24  -14.0  0.160 -9.000 -9.000 -999.  154.     28.3  0.04   2.90   1.00    2.45   71.   10.0  283.1    2.0


 First hour of profile data
 YR MO DY HR HEIGHT F  WDIR    WSPD AMB_TMP sigmaA  sigmaW  sigmaV
 20 01 01 01   10.0 1  116.    1.71   281.0   99.0  -99.00  -99.00

 F indicates top of profile (=1) or below (=0)
 *** AERMOD - VERSION 24142  ***   ***  Phoenix Mini-Plant NO2 Test                                         ***        04/21/26
 *** AERMET - VERSION  24142 ***   ***                                                                      ***        16:38:32
                                                                                                                       PAGE  12
 *** MODELOPTs:    RegDFAULT  CONC  ELEV  RURAL  ADJ_U*

                   *** THE ANNUAL AVERAGE CONCENTRATION    VALUES AVERAGED OVER   5 YEARS FOR SOURCE GROUP: ALL      ***
                                  INCLUDING SOURCE(S):     BOILER      , DRYER       , OVEN        , GEN         , FPUMP       , 

                                   *** NETWORK ID: GRID1    ;  NETWORK TYPE: GRIDCART ***

                                        ** CONC OF NO2      IN MICROGRAMS/M**3                          **

    Y-COORD  |                                                X-COORD (METERS)
    (METERS) |     349500.00    349600.00    349700.00    349800.00    349900.00    350000.00    350100.00    350200.00    350300.00
 - - - - - - - - - - - - - - - - - - - - - - - - - - - - - - - - - - - - - - - - - - - - - - - - - - - - - - - - - - - - - - - - - -

  3700500.00 |       1.39141      1.32808      1.27834      1.23319      1.16127      1.05712      0.94810      0.87339      0.86475
  3700400.00 |       1.87381      1.79369      1.74104      1.69276      1.63625      1.49578      1.31105      1.18553      1.18673
  3700300.00 |       2.62216      2.54333      2.51351      2.49917      2.46934      2.31671      1.98895      1.75037      1.86581
  3700200.00 |       3.62070      3.65127      3.74336      3.94396      4.11533      3.95776      3.27778      3.01732      3.53249
  3700100.00 |       4.59550      4.85984      5.19360      5.74585      6.49724      6.85580      2.73310      6.92584      6.67517
  3700000.00 |       4.69916      5.21065      5.74139      6.61124      6.30736      4.96960      5.48774      7.07230      6.01036
  3699900.00 |       3.30266      3.58323      3.87259      4.19626      3.25051      4.22582      4.94792      4.19819      3.71116
  3699800.00 |       1.69563      1.69024      1.69048      1.73649      1.91884      2.05905      2.32035      2.38128      2.28209
  3699700.00 |       0.96978      0.94254      0.95279      1.02910      1.10146      1.17315      1.30550      1.41990      1.49271
  3699600.00 |       0.62466      0.62619      0.66108      0.70235      0.74276      0.78710      0.86506      0.93866      1.01732
  3699500.00 |       0.45630      0.47336      0.50011      0.52304      0.55262      0.58367      0.63406      0.68470      0.74047
 *** AERMOD - VERSION 24142  ***   ***  Phoenix Mini-Plant NO2 Test                                         ***        04/21/26
 *** AERMET - VERSION  24142 ***   ***                                                                      ***        16:38:32
                                                                                                                       PAGE  13
 *** MODELOPTs:    RegDFAULT  CONC  ELEV  RURAL  ADJ_U*

                   *** THE ANNUAL AVERAGE CONCENTRATION    VALUES AVERAGED OVER   5 YEARS FOR SOURCE GROUP: ALL      ***
                                  INCLUDING SOURCE(S):     BOILER      , DRYER       , OVEN        , GEN         , FPUMP       , 

                                   *** NETWORK ID: GRID1    ;  NETWORK TYPE: GRIDCART ***

                                        ** CONC OF NO2      IN MICROGRAMS/M**3                          **

    Y-COORD  |                                                X-COORD (METERS)
    (METERS) |     350400.00    350500.00
 - - - - - - - - - - - - - - - - - - - - - - - - - - - - - - - - - - - - - - - - - - - - - - - - - - - - - - - - - - - - - - - - - -

  3700500.00 |       0.95193      1.15837
  3700400.00 |       1.39348      1.70315
  3700300.00 |       2.26637      2.55449
  3700200.00 |       3.84410      3.71765
  3700100.00 |       5.37352      4.27415
  3700000.00 |       4.62318      3.61747
  3699900.00 |       3.21774      2.71654
  3699800.00 |       2.14935      1.98057
  3699700.00 |       1.48121      1.43888
  3699600.00 |       1.06808      1.07400
  3699500.00 |       0.79227      0.82402
 *** AERMOD - VERSION 24142  ***   ***  Phoenix Mini-Plant NO2 Test                                         ***        04/21/26
 *** AERMET - VERSION  24142 ***   ***                                                                      ***        16:38:32
                                                                                                                       PAGE  14
 *** MODELOPTs:    RegDFAULT  CONC  ELEV  RURAL  ADJ_U*

    *** THE   1ST-HIGHEST MAX DAILY 1-HR AVERAGE CONCENTRATION    VALUES AVERAGED OVER   5 YEARS FOR SOURCE GROUP: ALL      ***
                                  INCLUDING SOURCE(S):     BOILER      , DRYER       , OVEN        , GEN         , FPUMP       , 

                                   *** NETWORK ID: GRID1    ;  NETWORK TYPE: GRIDCART ***

                                        ** CONC OF NO2      IN MICROGRAMS/M**3                          **

    Y-COORD  |                                                X-COORD (METERS)
    (METERS) |     349500.00    349600.00    349700.00    349800.00    349900.00    350000.00    350100.00    350200.00    350300.00
 - - - - - - - - - - - - - - - - - - - - - - - - - - - - - - - - - - - - - - - - - - - - - - - - - - - - - - - - - - - - - - - - - -

  3700500.00 |      34.91873     35.23628     36.67336     38.92874     43.50746     44.67356     49.73120     51.52043     53.91750
  3700400.00 |      36.79269     36.80852     39.94967     43.45218     49.79290     54.38068     57.17146     63.79983     61.87473
  3700300.00 |      38.51755     40.33752     42.96157     50.23673     60.42578     69.85978     74.39770     82.98326     74.67684
  3700200.00 |      39.80561     42.51178     48.35205     57.71777     76.40844     96.94748    103.40204    106.08337     91.55369
  3700100.00 |      43.41839     46.14574     50.86252     63.12129     83.89261     94.02301     75.80203    113.95721     89.86990
  3700000.00 |      46.87177     47.18640     51.44791     76.76653    106.10011     99.13809     80.10088    106.63069     78.75361
  3699900.00 |      53.94368     58.44504     71.55244    103.62760    138.58092    108.85565     88.89936     81.72735     66.05716
  3699800.00 |      58.42493     65.54310     81.63242    109.09616     80.93865     76.48807     64.41587     60.73742     52.41945
  3699700.00 |      58.46217     65.41151     73.38962     74.52833     58.52861     49.50301     49.34460     46.51326     43.30413
  3699600.00 |      55.42100     59.13673     61.36180     59.12106     49.53541     42.25067     40.28645     39.47204     37.24313
  3699500.00 |      51.51953     53.18559     54.52187     50.67302     44.40562     39.84996     37.19105     35.96497     34.87558
 *** AERMOD - VERSION 24142  ***   ***  Phoenix Mini-Plant NO2 Test                                         ***        04/21/26
 *** AERMET - VERSION  24142 ***   ***                                                                      ***        16:38:32
                                                                                                                       PAGE  15
 *** MODELOPTs:    RegDFAULT  CONC  ELEV  RURAL  ADJ_U*

    *** THE   1ST-HIGHEST MAX DAILY 1-HR AVERAGE CONCENTRATION    VALUES AVERAGED OVER   5 YEARS FOR SOURCE GROUP: ALL      ***
                                  INCLUDING SOURCE(S):     BOILER      , DRYER       , OVEN        , GEN         , FPUMP       , 

                                   *** NETWORK ID: GRID1    ;  NETWORK TYPE: GRIDCART ***

                                        ** CONC OF NO2      IN MICROGRAMS/M**3                          **

    Y-COORD  |                                                X-COORD (METERS)
    (METERS) |     350400.00    350500.00
 - - - - - - - - - - - - - - - - - - - - - - - - - - - - - - - - - - - - - - - - - - - - - - - - - - - - - - - - - - - - - - - - - -

  3700500.00 |      53.38655     52.33858
  3700400.00 |      59.21300     58.44852
  3700300.00 |      71.08504     61.14159
  3700200.00 |      73.39295     61.54700
  3700100.00 |      69.59863     58.49812
  3700000.00 |      61.05649     52.75465
  3699900.00 |      52.91832     46.97771
  3699800.00 |      46.42076     41.86710
  3699700.00 |      39.87752     37.85359
  3699600.00 |      36.69143     35.27369
  3699500.00 |      34.31531     33.80886
 *** AERMOD - VERSION 24142  ***   ***  Phoenix Mini-Plant NO2 Test                                         ***        04/21/26
 *** AERMET - VERSION  24142 ***   ***                                                                      ***        16:38:32
                                                                                                                       PAGE  16
 *** MODELOPTs:    RegDFAULT  CONC  ELEV  RURAL  ADJ_U*

                              *** THE MAXIMUM   50   1-HR AVERAGE CONCENTRATION   VALUES FOR SOURCE GROUP:  ALL      ***
                                  INCLUDING SOURCE(S):     BOILER      , DRYER       , OVEN        , GEN         , FPUMP       , 

                                        ** CONC OF NO2      IN MICROGRAMS/M**3                          **

 RANK        CONC    (YYMMDDHH) AT      RECEPTOR (XR,YR) OF TYPE    RANK        CONC    (YYMMDDHH) AT      RECEPTOR (XR,YR) OF TYPE 
 - - - - - - - - - - - - - - - - - - - - - - - - - - - - - - - - - - - - - - - - - - - - - - - - - - - - - - - - - - - - - - - - - -
    1.     151.44272 (21070320) AT ( 349900.00, 3699900.00)  GC       26.     111.50460 (22071721) AT ( 350000.00, 3700000.00)  GC
    2.     142.43817 (20022518) AT ( 349900.00, 3699900.00)  GC       27.     111.32019 (21021323) AT ( 350000.00, 3699900.00)  GC
    3.     141.36535 (22071722) AT ( 349900.00, 3699900.00)  GC       28.     111.24007 (22070121) AT ( 349900.00, 3700000.00)  GC
    4.     135.38519 (23091221) AT ( 349900.00, 3699900.00)  GC       29.     110.72421 (22102222) AT ( 350200.00, 3700200.00)  GC
    5.     125.73369 (22062520) AT ( 349900.00, 3699900.00)  GC       30.     110.69629 (22070421) AT ( 350200.00, 3700100.00)  GC
    6.     122.27318 (24100119) AT ( 349900.00, 3699900.00)  GC       31.     110.32039 (20081822) AT ( 349800.00, 3699800.00)  GC
    7.     121.96921 (20102621) AT ( 349900.00, 3699900.00)  GC       32.     110.27131 (24071421) AT ( 350200.00, 3700200.00)  GC
    8.     121.42697 (23021702) AT ( 349900.00, 3699900.00)  GC       33.     110.10100 (24080821) AT ( 349800.00, 3699800.00)  GC
    9.     119.34076 (22050819) AT ( 350200.00, 3700100.00)  GC       34.     109.91752 (21052020) AT ( 350200.00, 3700100.00)  GC
   10.     117.49592 (24032324) AT ( 350200.00, 3700100.00)  GC       35.     109.74714 (20022520) AT ( 349800.00, 3699800.00)  GC
   11.     116.74009 (24050719) AT ( 350200.00, 3700100.00)  GC       36.     109.14740 (22100602) AT ( 350200.00, 3700200.00)  GC
   12.     116.38043 (21073022) AT ( 350200.00, 3700200.00)  GC       37.     109.00897 (24010320) AT ( 350000.00, 3699900.00)  GC
   13.     115.81788 (23021218) AT ( 350200.00, 3700200.00)  GC       38.     108.89060 (23081523) AT ( 349800.00, 3699800.00)  GC
   14.     115.18358 (21121424) AT ( 350200.00, 3700100.00)  GC       39.     108.74681 (24080702) AT ( 349900.00, 3700000.00)  GC
   15.     114.81992 (22101518) AT ( 350200.00, 3700100.00)  GC       40.     108.66392 (22031021) AT ( 350000.00, 3699900.00)  GC
   16.     114.66245 (23022208) AT ( 350200.00, 3700100.00)  GC       41.     108.54700 (21042121) AT ( 350200.00, 3700200.00)  GC
   17.     114.64415 (21050219) AT ( 350200.00, 3700100.00)  GC       42.     108.54627 (24101618) AT ( 350200.00, 3700000.00)  GC
   18.     114.55092 (21030920) AT ( 350200.00, 3700100.00)  GC       43.     108.54087 (22072524) AT ( 350000.00, 3700000.00)  GC
   19.     113.96589 (23032207) AT ( 350200.00, 3700100.00)  GC       44.     108.32926 (20082020) AT ( 350000.00, 3699900.00)  GC
   20.     113.87062 (22102218) AT ( 350200.00, 3700100.00)  GC       45.     108.11794 (22082123) AT ( 349800.00, 3699800.00)  GC
   21.     113.81350 (21030919) AT ( 350200.00, 3700100.00)  GC       46.     108.05086 (21011919) AT ( 349800.00, 3699800.00)  GC
   22.     113.61929 (24072023) AT ( 349900.00, 3700000.00)  GC       47.     107.79425 (22020222) AT ( 349800.00, 3699800.00)  GC
   23.     111.86875 (24050819) AT ( 350200.00, 3700100.00)  GC       48.     107.73662 (20091001) AT ( 349800.00, 3699800.00)  GC
   24.     111.57673 (20112810) AT ( 349900.00, 3699900.00)  GC       49.     107.45741 (22051123) AT ( 350200.00, 3700000.00)  GC
   25.     111.57007 (21031524) AT ( 350200.00, 3700200.00)  GC       50.     107.44128 (22071720) AT ( 350200.00, 3700100.00)  GC

  *** RECEPTOR TYPES:  GC = GRIDCART
                       GP = GRIDPOLR
                       DC = DISCCART
                       DP = DISCPOLR
 *** AERMOD - VERSION 24142  ***   ***  Phoenix Mini-Plant NO2 Test                                         ***        04/21/26
 *** AERMET - VERSION  24142 ***   ***                                                                      ***        16:38:32
                                                                                                                       PAGE  17
 *** MODELOPTs:    RegDFAULT  CONC  ELEV  RURAL  ADJ_U*

                                   *** THE SUMMARY OF MAXIMUM ANNUAL RESULTS AVERAGED OVER   5 YEARS ***


                                    ** CONC OF NO2      IN MICROGRAMS/M**3                          **

                                                                                                             NETWORK
GROUP ID                       AVERAGE CONC                RECEPTOR  (XR, YR, ZELEV, ZHILL, ZFLAG)  OF TYPE  GRID-ID
- - - - - - - - - - - - - - - - - - - - - - - - - - - - - - - - - - - - - - - - - - - - - - - - - - - - - - - - - - - - 

ALL       1ST HIGHEST VALUE IS       7.07230 AT (  350200.00,  3700000.00,     0.00,     0.00,    0.00)  GC  GRID1   
          2ND HIGHEST VALUE IS       6.92584 AT (  350200.00,  3700100.00,     0.00,     0.00,    0.00)  GC  GRID1   
          3RD HIGHEST VALUE IS       6.85580 AT (  350000.00,  3700100.00,     0.00,     0.00,    0.00)  GC  GRID1   
          4TH HIGHEST VALUE IS       6.67517 AT (  350300.00,  3700100.00,     0.00,     0.00,    0.00)  GC  GRID1   
          5TH HIGHEST VALUE IS       6.61124 AT (  349800.00,  3700000.00,     0.00,     0.00,    0.00)  GC  GRID1   
          6TH HIGHEST VALUE IS       6.49724 AT (  349900.00,  3700100.00,     0.00,     0.00,    0.00)  GC  GRID1   
          7TH HIGHEST VALUE IS       6.30736 AT (  349900.00,  3700000.00,     0.00,     0.00,    0.00)  GC  GRID1   
          8TH HIGHEST VALUE IS       6.01036 AT (  350300.00,  3700000.00,     0.00,     0.00,    0.00)  GC  GRID1   
          9TH HIGHEST VALUE IS       5.74585 AT (  349800.00,  3700100.00,     0.00,     0.00,    0.00)  GC  GRID1   
         10TH HIGHEST VALUE IS       5.74139 AT (  349700.00,  3700000.00,     0.00,     0.00,    0.00)  GC  GRID1   


 *** RECEPTOR TYPES:  GC = GRIDCART
                      GP = GRIDPOLR
                      DC = DISCCART
                      DP = DISCPOLR
 *** AERMOD - VERSION 24142  ***   ***  Phoenix Mini-Plant NO2 Test                                         ***        04/21/26
 *** AERMET - VERSION  24142 ***   ***                                                                      ***        16:38:32
                                                                                                                       PAGE  18
 *** MODELOPTs:    RegDFAULT  CONC  ELEV  RURAL  ADJ_U*

                      *** THE SUMMARY OF MAXIMUM   1ST-HIGHEST MAX DAILY  1-HR RESULTS AVERAGED OVER   5 YEARS ***


                                    ** CONC OF NO2      IN MICROGRAMS/M**3                          **

                                                                                                             NETWORK
GROUP ID                       AVERAGE CONC                RECEPTOR  (XR, YR, ZELEV, ZHILL, ZFLAG)  OF TYPE  GRID-ID
- - - - - - - - - - - - - - - - - - - - - - - - - - - - - - - - - - - - - - - - - - - - - - - - - - - - - - - - - - - - 

ALL       1ST HIGHEST VALUE IS     138.58092 AT (  349900.00,  3699900.00,     0.00,     0.00,    0.00)  GC  GRID1   
          2ND HIGHEST VALUE IS     113.95721 AT (  350200.00,  3700100.00,     0.00,     0.00,    0.00)  GC  GRID1   
          3RD HIGHEST VALUE IS     109.09616 AT (  349800.00,  3699800.00,     0.00,     0.00,    0.00)  GC  GRID1   
          4TH HIGHEST VALUE IS     108.85565 AT (  350000.00,  3699900.00,     0.00,     0.00,    0.00)  GC  GRID1   
          5TH HIGHEST VALUE IS     106.63069 AT (  350200.00,  3700000.00,     0.00,     0.00,    0.00)  GC  GRID1   
          6TH HIGHEST VALUE IS     106.10011 AT (  349900.00,  3700000.00,     0.00,     0.00,    0.00)  GC  GRID1   
          7TH HIGHEST VALUE IS     106.08337 AT (  350200.00,  3700200.00,     0.00,     0.00,    0.00)  GC  GRID1   
          8TH HIGHEST VALUE IS     103.62760 AT (  349800.00,  3699900.00,     0.00,     0.00,    0.00)  GC  GRID1   
          9TH HIGHEST VALUE IS     103.40204 AT (  350100.00,  3700200.00,     0.00,     0.00,    0.00)  GC  GRID1   
         10TH HIGHEST VALUE IS      99.13809 AT (  350000.00,  3700000.00,     0.00,     0.00,    0.00)  GC  GRID1   


 *** RECEPTOR TYPES:  GC = GRIDCART
                      GP = GRIDPOLR
                      DC = DISCCART
                      DP = DISCPOLR
 *** AERMOD - VERSION 24142  ***   ***  Phoenix Mini-Plant NO2 Test                                         ***        04/21/26
 *** AERMET - VERSION  24142 ***   ***                                                                      ***        16:38:32
                                                                                                                       PAGE  19
 *** MODELOPTs:    RegDFAULT  CONC  ELEV  RURAL  ADJ_U*

 *** Message Summary : AERMOD Model Execution ***

  --------- Summary of Total Messages --------
  
 A Total of            0 Fatal Error Message(s)
 A Total of            7 Warning Message(s)
 A Total of         1194 Informational Message(s)

 A Total of        43848 Hours Were Processed

 A Total of          640 Calm Hours Identified

 A Total of          554 Missing Hours Identified (  1.26 Percent)
  
  
    ******** FATAL ERROR MESSAGES ******** 
               ***  NONE  ***         
  
  
    ********   WARNING MESSAGES   ******** 
 CO W361       8       COCARD: Multiyear PERIOD/ANNUAL values for NO2/SO2 require MULTYEAR Opt
 RE W214      30       RECART: ELEV Input Inconsistent With Option: Defaults Used        GRID1
 ME W186      40       MEOPEN: THRESH_1MIN 1-min ASOS wind speed threshold used           0.50
 ME W187      40       MEOPEN: ADJ_U* Option for Stable Low Winds used in AERMET              
 ME W530      40       MEOPEN: CAUTION! Met Station ID Mismatch with SURFFILE for     SURFDATA
 ME W530      40       MEOPEN: CAUTION! Met Station ID Mismatch with SURFFILE for     UAIRDATA
 ME W531      40       MEOPEN: CAUTION! Met Station ID Missing from SURFFILE for      SITEDATA

    ************************************
    *** AERMOD Finishes Successfully ***
    ************************************

